PUT user1=Alice
PUT user2=Bob
PUT lang=C++
DELETE user2
PUT user1=Alice
PUT user2=Bob
PUT lang=C++
DELETE user2
PUT user1=Alice
PUT user2=Bob
PUT lang=C++
DELETE user2
PUT user1=Alice
PUT user2=Bob
PUT lang=C++
DELETE user2
PUT user1=Alice
PUT user2=Bob
PUT lang=C++
DELETE user2
PUT user1=Alice
PUT user2=Bob
PUT lang=C++
DELETE user2
PUT key1=value0
PUT key0=value0
PUT key2=value0
PUT key1=value1
PUT key0=value1
PUT key0=value2
PUT key1=value2
PUT key1=value3
PUT key1=value4
PUT key1=value5
PUT key0=value3
PUT key0=value4
PUT key0=value5
PUT key0=value6
PUT key0=value7
PUT key0=value8
PUT key1=value6
PUT key2=value1
PUT key2=value2
PUT key2=value3
PUT key0=value9
PUT key0=value10
PUT key0=value11
PUT key1=value7
PUT key2=value4
PUT key2=value5
PUT key2=value6
PUT key2=value7
PUT key2=value8
PUT key2=value9
PUT key2=value10
PUT key2=value11
PUT key1=value8
PUT key1=value9
PUT key1=value10
PUT key0=value12
PUT key2=value12
PUT key2=value13
PUT key0=value13
PUT key0=value14
PUT key2=value14
PUT key2=value15
PUT key2=value16
PUT key2=value17
PUT key0=value15
PUT key1=value11
PUT key1=value12
PUT key1=value13
PUT key2=value18
PUT key0=value16
PUT key0=value17
PUT key0=value18
PUT key1=value14
PUT key2=value19
PUT key2=value20
PUT key1=value15
PUT key1=value16
PUT key2=value21
PUT key0=value19
PUT key1=value17
PUT key2=value22
PUT key0=value20
PUT key1=value18
PUT key2=value23
PUT key0=value21
PUT key1=value19
PUT key1=value20
PUT key1=value21
PUT key2=value24
PUT key2=value25
PUT key1=value22
PUT key0=value22
PUT key0=value23
PUT key0=value24
PUT key0=value25
PUT key1=value23
PUT key2=value26
PUT key2=value27
PUT key1=value24
PUT key0=value26
PUT key0=value27
PUT key1=value25
PUT key2=value28
PUT key0=value28
PUT key1=value26
PUT key2=value29
PUT key2=value30
PUT key2=value31
PUT key2=value32
PUT key2=value33
PUT key2=value34
PUT key2=value35
PUT key2=value36
PUT key2=value37
PUT key2=value38
PUT key2=value39
PUT key2=value40
PUT key1=value27
PUT key0=value29
PUT key2=value41
PUT key1=value28
PUT key0=value30
PUT key0=value31
PUT key0=value32
PUT key0=value33
PUT key0=value34
PUT key0=value35
PUT key1=value29
PUT key2=value42
PUT key0=value36
PUT key1=value30
PUT key2=value43
PUT key2=value44
PUT key1=value31
PUT key1=value32
PUT key2=value45
PUT key2=value46
PUT key1=value33
PUT key1=value34
PUT key1=value35
PUT key0=value37
PUT key2=value47
PUT key1=value36
PUT key0=value38
PUT key0=value39
PUT key0=value40
PUT key0=value41
PUT key0=value42
PUT key2=value48
PUT key2=value49
PUT key0=value43
PUT key1=value37
PUT key2=value50
PUT key0=value44
PUT key1=value38
PUT key2=value51
PUT key0=value45
PUT key1=value39
PUT key1=value40
PUT key0=value46
PUT key2=value52
PUT key1=value41
PUT key0=value47
PUT key0=value48
PUT key0=value49
PUT key2=value53
PUT key1=value42
PUT key1=value43
PUT key1=value44
PUT key1=value45
PUT key1=value46
PUT key1=value47
PUT key2=value54
PUT key2=value55
PUT key1=value48
PUT key1=value49
PUT key2=value56
PUT key2=value57
PUT key2=value58
PUT key2=value59
PUT key2=value60
PUT key2=value61
PUT key1=value50
PUT key1=value51
PUT key2=value62
PUT key2=value63
PUT key2=value64
PUT key2=value65
PUT key1=value52
PUT key0=value50
PUT key2=value66
PUT key2=value67
PUT key2=value68
PUT key1=value53
PUT key1=value54
PUT key1=value55
PUT key1=value56
PUT key1=value57
PUT key0=value51
PUT key0=value52
PUT key1=value58
PUT key1=value59
PUT key1=value60
PUT key1=value61
PUT key0=value53
PUT key0=value54
PUT key0=value55
PUT key2=value69
PUT key2=value70
PUT key2=value71
PUT key1=value62
PUT key1=value63
PUT key1=value64
PUT key1=value65
PUT key1=value66
PUT key0=value56
PUT key2=value72
PUT key2=value73
PUT key2=value74
PUT key2=value75
PUT key2=value76
PUT key2=value77
PUT key0=value57
PUT key0=value58
PUT key0=value59
PUT key1=value67
PUT key2=value78
PUT key2=value79
PUT key1=value68
PUT key0=value60
PUT key2=value80
PUT key1=value69
PUT key1=value70
PUT key2=value81
PUT key0=value61
PUT key0=value62
PUT key0=value63
PUT key1=value71
PUT key1=value72
PUT key1=value73
PUT key2=value82
PUT key0=value64
PUT key0=value65
PUT key2=value83
PUT key2=value84
PUT key2=value85
PUT key1=value74
PUT key1=value75
PUT key2=value86
PUT key0=value66
PUT key0=value67
PUT key2=value87
PUT key1=value76
PUT key1=value77
PUT key2=value88
PUT key2=value89
PUT key2=value90
PUT key2=value91
PUT key2=value92
PUT key0=value68
PUT key1=value78
PUT key1=value79
PUT key0=value69
PUT key0=value70
PUT key1=value80
PUT key2=value93
PUT key0=value71
PUT key1=value81
PUT key2=value94
PUT key2=value95
PUT key1=value82
PUT key1=value83
PUT key2=value96
PUT key2=value97
PUT key1=value84
PUT key1=value85
PUT key1=value86
PUT key0=value72
PUT key0=value73
PUT key0=value74
PUT key0=value75
PUT key0=value76
PUT key2=value98
PUT key2=value99
PUT key0=value77
PUT key1=value87
PUT key1=value88
PUT key0=value78
PUT key1=value89
PUT key1=value90
PUT key0=value79
PUT key1=value91
PUT key1=value92
PUT key0=value80
PUT key0=value81
PUT key1=value93
PUT key0=value82
PUT key0=value83
PUT key0=value84
PUT key1=value94
PUT key1=value95
PUT key1=value96
PUT key1=value97
PUT key1=value98
PUT key1=value99
PUT key0=value85
PUT key0=value86
PUT key0=value87
PUT key0=value88
PUT key0=value89
PUT key0=value90
PUT key0=value91
PUT key0=value92
PUT key0=value93
PUT key0=value94
PUT key0=value95
PUT key0=value96
PUT key0=value97
PUT key0=value98
PUT key0=value99
PUT key0=value0
PUT key1=value0
PUT key2=value0
PUT key0=value1
PUT key0=value2
PUT key2=value1
PUT key1=value1
PUT key0=value3
PUT key2=value2
PUT key1=value2
PUT key0=value4
PUT key0=value5
PUT key0=value6
PUT key2=value3
PUT key1=value3
PUT key1=value4
PUT key1=value5
PUT key0=value7
PUT key0=value8
PUT key1=value6
PUT key1=value7
PUT key1=value8
PUT key1=value9
PUT key0=value9
PUT key0=value10
PUT key1=value10
PUT key2=value4
PUT key0=value11
PUT key1=value11
PUT key2=value5
PUT key2=value6
PUT key1=value12
PUT key0=value12
PUT key2=value7
PUT key1=value13
PUT key0=value13
PUT key2=value8
PUT key1=value14
PUT key0=value14
PUT key2=value9
PUT key2=value10
PUT key0=value15
PUT key1=value15
PUT key2=value11
PUT key0=value16
PUT key1=value16
PUT key2=value12
PUT key0=value17
PUT key1=value17
PUT key2=value13
PUT key0=value18
PUT key0=value19
PUT key2=value14
PUT key1=value18
PUT key0=value20
PUT key0=value21
PUT key1=value19
PUT key2=value15
PUT key2=value16
PUT key1=value20
PUT key0=value22
PUT key2=value17
PUT key1=value21
PUT key0=value23
PUT key2=value18
PUT key1=value22
PUT key1=value23
PUT key2=value19
PUT key2=value20
PUT key2=value21
PUT key2=value22
PUT key2=value23
PUT key0=value24
PUT key0=value25
PUT key0=value26
PUT key0=value27
PUT key2=value24
PUT key1=value24
PUT key1=value25
PUT key2=value25
PUT key0=value28
PUT key1=value26
PUT key1=value27
PUT key0=value29
PUT key0=value30
PUT key1=value28
PUT key2=value26
PUT key2=value27
PUT key1=value29
PUT key0=value31
PUT key2=value28
PUT key1=value30
PUT key0=value32
PUT key2=value29
PUT key1=value31
PUT key0=value33
PUT key0=value34
PUT key1=value32
PUT key2=value30
PUT key0=value35
PUT key1=value33
PUT key2=value31
PUT key0=value36
PUT key1=value34
PUT key2=value32
PUT key0=value37
PUT key1=value35
PUT key2=value33
PUT key0=value38
PUT key0=value39
PUT key0=value40
PUT key1=value36
PUT key2=value34
PUT key0=value41
PUT key1=value37
PUT key2=value35
PUT key0=value42
PUT key1=value38
PUT key2=value36
PUT key0=value43
PUT key1=value39
PUT key2=value37
PUT key0=value44
PUT key1=value40
PUT key2=value38
PUT key0=value45
PUT key1=value41
PUT key2=value39
PUT key0=value46
PUT key1=value42
PUT key2=value40
PUT key0=value47
PUT key0=value48
PUT key2=value41
PUT key2=value42
PUT key2=value43
PUT key1=value43
PUT key0=value49
PUT key2=value44
PUT key1=value44
PUT key0=value50
PUT key0=value51
PUT key0=value52
PUT key0=value53
PUT key1=value45
PUT key2=value45
PUT key0=value54
PUT key1=value46
PUT key2=value46
PUT key0=value55
PUT key1=value47
PUT key2=value47
PUT key0=value56
PUT key1=value48
PUT key2=value48
PUT key0=value57
PUT key1=value49
PUT key1=value50
PUT key1=value51
PUT key1=value52
PUT key1=value53
PUT key2=value49
PUT key2=value50
PUT key1=value54
PUT key0=value58
PUT key2=value51
PUT key1=value55
PUT key0=value59
PUT key2=value52
PUT key1=value56
PUT key0=value60
PUT key2=value53
PUT key1=value57
PUT key0=value61
PUT key2=value54
PUT key1=value58
PUT key1=value59
PUT key2=value55
PUT key0=value62
PUT key1=value60
PUT key1=value61
PUT key0=value63
PUT key0=value64
PUT key1=value62
PUT key1=value63
PUT key0=value65
PUT key2=value56
PUT key1=value64
PUT key0=value66
PUT key2=value57
PUT key1=value65
PUT key0=value67
PUT key0=value68
PUT key1=value66
PUT key2=value58
PUT key0=value69
PUT key1=value67
PUT key2=value59
PUT key2=value60
PUT key2=value61
PUT key0=value70
PUT key1=value68
PUT key2=value62
PUT key2=value63
PUT key1=value69
PUT key0=value71
PUT key2=value64
PUT key1=value70
PUT key0=value72
PUT key2=value65
PUT key1=value71
PUT key0=value73
PUT key2=value66
PUT key1=value72
PUT key1=value73
PUT key2=value67
PUT key0=value74
PUT key1=value74
PUT key2=value68
PUT key0=value75
PUT key1=value75
PUT key2=value69
PUT key0=value76
PUT key0=value77
PUT key0=value78
PUT key1=value76
PUT key2=value70
PUT key0=value79
PUT key0=value80
PUT key2=value71
PUT key1=value77
PUT key0=value81
PUT key2=value72
PUT key1=value78
PUT key0=value82
PUT key2=value73
PUT key1=value79
PUT key0=value83
PUT key2=value74
PUT key1=value80
PUT key0=value84
PUT key2=value75
PUT key1=value81
PUT key0=value85
PUT key2=value76
PUT key1=value82
PUT key0=value86
PUT key2=value77
PUT key2=value78
PUT key0=value87
PUT key0=value88
PUT key2=value79
PUT key1=value83
PUT key0=value89
PUT key0=value90
PUT key1=value84
PUT key2=value80
PUT key0=value91
PUT key1=value85
PUT key1=value86
PUT key0=value92
PUT key0=value93
PUT key1=value87
PUT key2=value81
PUT key0=value94
PUT key1=value88
PUT key2=value82
PUT key0=value95
PUT key1=value89
PUT key2=value83
PUT key0=value96
PUT key1=value90
PUT key1=value91
PUT key0=value97
PUT key0=value98
PUT key1=value92
PUT key2=value84
PUT key0=value99
PUT key1=value93
PUT key2=value85
PUT key1=value94
PUT key2=value86
PUT key2=value87
PUT key2=value88
PUT key1=value95
PUT key1=value96
PUT key1=value97
PUT key2=value89
PUT key1=value98
PUT key2=value90
PUT key1=value99
PUT key2=value91
PUT key2=value92
PUT key2=value93
PUT key2=value94
PUT key2=value95
PUT key2=value96
PUT key2=value97
PUT key2=value98
PUT key2=value99
